TN:
SF:/Users/alexandra_kukolca1/Documents/frontcamp/angular/test/src/polyfills.ts
FNF:0
FNH:0
LF:0
LH:0
BRF:0
BRH:0
end_of_record
TN:
SF:/Users/alexandra_kukolca1/Documents/frontcamp/angular/test/src/settings.js
FNF:0
FNH:0
DA:1,1
DA:2,1
DA:4,1
DA:6,1
LF:4
LH:4
BRF:0
BRH:0
end_of_record
TN:
SF:/Users/alexandra_kukolca1/Documents/frontcamp/angular/test/src/test.ts
FNF:0
FNH:0
DA:13,1
DA:18,1
DA:20,1
LF:3
LH:3
BRF:0
BRH:0
end_of_record
TN:
SF:/Users/alexandra_kukolca1/Documents/frontcamp/angular/test/src/app/api.service.ts
FN:12,ApiService
FN:14,(anonymous_2)
FN:17,(anonymous_3)
FN:23,(anonymous_4)
FN:26,(anonymous_5)
FN:32,(anonymous_6)
FN:35,(anonymous_7)
FN:41,(anonymous_8)
FN:44,(anonymous_9)
FN:50,(anonymous_10)
FN:53,(anonymous_11)
FN:59,(anonymous_12)
FN:63,(anonymous_13)
FN:67,(anonymous_14)
FN:71,(anonymous_15)
FNF:15
FNH:10
FNDA:89,ApiService
FNDA:6,(anonymous_2)
FNDA:0,(anonymous_3)
FNDA:4,(anonymous_4)
FNDA:0,(anonymous_5)
FNDA:6,(anonymous_6)
FNDA:0,(anonymous_7)
FNDA:3,(anonymous_8)
FNDA:0,(anonymous_9)
FNDA:1,(anonymous_10)
FNDA:0,(anonymous_11)
FNDA:2,(anonymous_12)
FNDA:2,(anonymous_13)
FNDA:3,(anonymous_14)
FNDA:2,(anonymous_15)
DA:10,1
DA:12,89
DA:14,1
DA:15,6
DA:18,0
DA:23,1
DA:24,4
DA:27,0
DA:32,1
DA:33,6
DA:36,0
DA:41,1
DA:42,3
DA:45,0
DA:50,1
DA:51,1
DA:54,0
DA:59,1
DA:60,2
DA:63,1
DA:64,2
DA:67,1
DA:68,3
DA:71,1
DA:77,2
DA:79,1
LF:26
LH:21
BRF:0
BRH:0
end_of_record
TN:
SF:/Users/alexandra_kukolca1/Documents/frontcamp/angular/test/src/app/app.component.ts
FN:11,AppComponent
FNF:1
FNH:1
FNDA:1,AppComponent
DA:9,1
DA:11,1
DA:13,1
LF:3
LH:3
BRF:0
BRH:0
end_of_record
TN:
SF:/Users/alexandra_kukolca1/Documents/frontcamp/angular/test/src/app/const.ts
FNF:0
FNH:0
DA:1,1
DA:2,1
LF:2
LH:2
BRF:0
BRH:0
end_of_record
TN:
SF:/Users/alexandra_kukolca1/Documents/frontcamp/angular/test/src/app/keywords-filter.pipe.ts
FN:6,KeywordsFilterPipe
FN:8,(anonymous_2)
FNF:2
FNH:1
FNDA:1,KeywordsFilterPipe
FNDA:0,(anonymous_2)
DA:6,1
DA:8,1
DA:10,0
DA:11,0
DA:14,1
LF:5
LH:3
BRF:0
BRH:0
end_of_record
TN:
SF:/Users/alexandra_kukolca1/Documents/frontcamp/angular/test/src/app/mock-news-sources.ts
FNF:0
FNH:0
LF:0
LH:0
BRF:0
BRH:0
end_of_record
TN:
SF:/Users/alexandra_kukolca1/Documents/frontcamp/angular/test/src/app/mock-news.ts
FNF:0
FNH:0
LF:0
LH:0
BRF:0
BRH:0
end_of_record
TN:
SF:/Users/alexandra_kukolca1/Documents/frontcamp/angular/test/src/app/news-service-mock.ts
FN:14,NewsServiceMock
FN:28,(anonymous_2)
FN:32,(anonymous_3)
FN:37,(anonymous_4)
FN:46,(anonymous_5)
FN:53,(anonymous_6)
FN:72,(anonymous_7)
FN:75,(anonymous_8)
FN:82,(anonymous_9)
FN:92,(anonymous_10)
FN:95,(anonymous_11)
FN:98,(anonymous_12)
FN:101,(anonymous_13)
FNF:13
FNH:11
FNDA:50,NewsServiceMock
FNDA:0,(anonymous_2)
FNDA:8,(anonymous_3)
FNDA:1,(anonymous_4)
FNDA:4,(anonymous_5)
FNDA:5,(anonymous_6)
FNDA:1,(anonymous_7)
FNDA:0,(anonymous_8)
FNDA:2,(anonymous_9)
FNDA:1,(anonymous_10)
FNDA:2,(anonymous_11)
FNDA:2,(anonymous_12)
FNDA:1,(anonymous_13)
DA:12,1
DA:14,50
DA:16,50
DA:17,50
DA:18,50
DA:19,50
DA:22,50
DA:23,50
DA:24,50
DA:28,1
DA:29,0
DA:32,1
DA:33,8
DA:34,8
DA:37,1
DA:38,1
DA:39,1
DA:40,1
DA:41,1
DA:42,1
DA:43,1
DA:46,1
DA:47,4
DA:48,4
DA:49,4
DA:50,4
DA:53,1
DA:55,3
DA:56,3
DA:57,3
DA:60,0
DA:61,0
DA:62,0
DA:64,2
DA:65,2
DA:66,2
DA:68,2
DA:72,1
DA:73,1
DA:74,1
DA:76,0
DA:77,0
DA:82,1
DA:84,0
DA:85,0
DA:87,2
DA:88,2
DA:92,1
DA:95,1
DA:98,1
DA:101,1
DA:104,1
LF:52
LH:44
BRF:0
BRH:0
end_of_record
TN:
SF:/Users/alexandra_kukolca1/Documents/frontcamp/angular/test/src/app/news.service.ts
FN:12,NewsService
FN:26,(anonymous_2)
FN:28,(anonymous_3)
FN:32,(anonymous_4)
FN:36,(anonymous_5)
FN:40,(anonymous_6)
FN:47,(anonymous_7)
FN:51,(anonymous_8)
FN:58,(anonymous_9)
FN:60,(anonymous_10)
FN:70,(anonymous_11)
FN:93,(anonymous_12)
FN:96,(anonymous_13)
FN:103,(anonymous_14)
FN:106,(anonymous_15)
FN:117,(anonymous_16)
FN:119,(anonymous_17)
FN:123,(anonymous_18)
FN:125,(anonymous_19)
FN:129,(anonymous_20)
FN:131,(anonymous_21)
FN:137,(anonymous_22)
FN:139,(anonymous_23)
FNF:23
FNH:12
FNDA:20,NewsService
FNDA:2,(anonymous_2)
FNDA:0,(anonymous_3)
FNDA:0,(anonymous_4)
FNDA:1,(anonymous_5)
FNDA:0,(anonymous_6)
FNDA:0,(anonymous_7)
FNDA:1,(anonymous_8)
FNDA:2,(anonymous_9)
FNDA:0,(anonymous_10)
FNDA:1,(anonymous_11)
FNDA:1,(anonymous_12)
FNDA:0,(anonymous_13)
FNDA:3,(anonymous_14)
FNDA:0,(anonymous_15)
FNDA:1,(anonymous_16)
FNDA:0,(anonymous_17)
FNDA:1,(anonymous_18)
FNDA:0,(anonymous_19)
FNDA:2,(anonymous_20)
FNDA:0,(anonymous_21)
FNDA:1,(anonymous_22)
FNDA:0,(anonymous_23)
DA:10,1
DA:12,20
DA:14,20
DA:15,20
DA:16,20
DA:17,20
DA:20,20
DA:21,20
DA:22,20
DA:26,2
DA:27,2
DA:29,0
DA:30,0
DA:32,0
DA:36,1
DA:37,1
DA:38,1
DA:39,1
DA:45,0
DA:47,0
DA:51,1
DA:52,1
DA:53,1
DA:54,1
DA:55,1
DA:58,2
DA:59,2
DA:65,0
DA:70,1
DA:72,1
DA:73,1
DA:74,1
DA:81,0
DA:83,0
DA:88,0
DA:93,1
DA:94,1
DA:95,1
DA:97,0
DA:98,0
DA:103,3
DA:105,0
DA:107,0
DA:108,0
DA:112,3
DA:113,3
DA:117,1
DA:118,1
DA:123,1
DA:124,1
DA:129,2
DA:130,2
DA:132,0
DA:137,1
DA:138,1
DA:143,1
LF:56
LH:41
BRF:0
BRH:0
end_of_record
TN:
SF:/Users/alexandra_kukolca1/Documents/frontcamp/angular/test/src/app/control-panel/control-panel.component.ts
FN:15,ControlPanelComponent
FN:26,(anonymous_2)
FN:29,(anonymous_3)
FN:34,(anonymous_4)
FN:40,(anonymous_5)
FN:42,(anonymous_6)
FN:51,(anonymous_7)
FNF:7
FNH:5
FNDA:8,ControlPanelComponent
FNDA:6,(anonymous_2)
FNDA:0,(anonymous_3)
FNDA:0,(anonymous_4)
FNDA:1,(anonymous_5)
FNDA:1,(anonymous_6)
FNDA:4,(anonymous_7)
DA:11,1
DA:12,8
DA:13,8
DA:15,8
DA:17,8
DA:18,8
DA:19,8
DA:20,8
DA:21,8
DA:22,8
DA:23,8
DA:24,8
DA:26,6
DA:27,6
DA:28,6
DA:29,6
DA:30,0
DA:34,1
DA:35,0
DA:36,0
DA:37,0
DA:40,1
DA:41,1
DA:42,1
DA:44,0
DA:46,1
DA:48,1
DA:51,1
DA:52,4
DA:54,2
DA:55,2
DA:57,2
DA:60,1
LF:33
LH:28
BRF:0
BRH:0
end_of_record
TN:
SF:/Users/alexandra_kukolca1/Documents/frontcamp/angular/test/src/app/edit-form/edit-form.component.ts
FN:14,EditFormComponent
FN:28,(anonymous_2)
FN:36,(anonymous_3)
FN:48,(anonymous_4)
FN:64,(anonymous_5)
FN:68,(anonymous_6)
FNF:6
FNH:4
FNDA:19,EditFormComponent
FNDA:7,(anonymous_2)
FNDA:0,(anonymous_3)
FNDA:1,(anonymous_4)
FNDA:0,(anonymous_5)
FNDA:1,(anonymous_6)
DA:11,1
DA:12,1
DA:14,19
DA:17,19
DA:18,19
DA:28,7
DA:30,2
DA:31,2
DA:32,2
DA:33,2
DA:34,2
DA:36,2
DA:37,0
DA:38,0
DA:39,0
DA:40,0
DA:43,5
DA:44,5
DA:48,1
DA:56,0
DA:57,0
DA:58,0
DA:60,1
DA:64,1
DA:65,0
DA:68,1
DA:69,1
DA:70,1
DA:73,1
LF:29
LH:21
BRDA:31,0,0,2
BRDA:31,0,1,0
BRDA:32,1,0,2
BRDA:32,1,1,0
BRDA:33,2,0,0
BRDA:33,2,1,2
BRDA:33,3,0,2
BRDA:33,3,1,0
BRDA:34,4,0,2
BRDA:34,4,1,0
BRDA:39,5,0,0
BRDA:39,5,1,0
BRF:12
BRH:5
end_of_record
TN:
SF:/Users/alexandra_kukolca1/Documents/frontcamp/angular/test/src/app/edit-news/edit-news.component.ts
FN:14,EditNewsComponent
FN:16,(anonymous_2)
FNF:2
FNH:2
FNDA:4,EditNewsComponent
FNDA:1,(anonymous_2)
DA:9,1
DA:12,4
DA:14,4
DA:16,1
DA:17,1
DA:19,1
DA:23,1
LF:7
LH:7
BRF:0
BRH:0
end_of_record
TN:
SF:/Users/alexandra_kukolca1/Documents/frontcamp/angular/test/src/app/full-news/full-news.component.ts
FN:21,FullNewsComponent
FN:23,(anonymous_2)
FN:26,(anonymous_3)
FN:38,(anonymous_4)
FN:45,(anonymous_5)
FNF:5
FNH:5
FNDA:2,FullNewsComponent
FNDA:2,(anonymous_2)
FNDA:2,(anonymous_3)
FNDA:4,(anonymous_4)
FNDA:1,(anonymous_5)
DA:11,1
DA:12,1
DA:13,1
DA:14,1
DA:21,2
DA:23,2
DA:24,2
DA:26,2
DA:27,2
DA:28,2
DA:29,2
DA:30,2
DA:31,2
DA:32,2
DA:35,2
DA:38,1
DA:40,0
DA:42,4
DA:45,1
DA:46,1
DA:48,1
LF:21
LH:20
BRDA:28,0,0,2
BRDA:28,0,1,0
BRDA:29,1,0,2
BRDA:29,1,1,0
BRDA:29,1,2,0
BRDA:29,1,3,0
BRDA:30,2,0,2
BRDA:30,2,1,0
BRDA:31,3,0,2
BRDA:31,3,1,0
BRDA:31,3,2,0
BRDA:32,4,0,2
BRDA:32,4,1,0
BRF:13
BRH:5
end_of_record
TN:
SF:/Users/alexandra_kukolca1/Documents/frontcamp/angular/test/src/app/header/header.component.ts
FN:13,HeaderComponent
FN:15,(anonymous_2)
FN:16,(anonymous_3)
FN:21,(anonymous_4)
FNF:4
FNH:2
FNDA:3,HeaderComponent
FNDA:3,(anonymous_2)
FNDA:0,(anonymous_3)
FNDA:0,(anonymous_4)
DA:9,1
DA:11,3
DA:13,3
DA:15,3
DA:16,3
DA:17,0
DA:21,1
DA:22,0
DA:25,1
LF:9
LH:7
BRF:0
BRH:0
end_of_record
TN:
SF:/Users/alexandra_kukolca1/Documents/frontcamp/angular/test/src/app/main/main.component.ts
FN:26,MainComponent
FN:28,(anonymous_2)
FN:29,(anonymous_3)
FN:33,(anonymous_4)
FN:43,(anonymous_5)
FN:45,(anonymous_6)
FN:46,(anonymous_7)
FN:67,(anonymous_8)
FN:74,(anonymous_9)
FNF:9
FNH:7
FNDA:7,MainComponent
FNDA:7,(anonymous_2)
FNDA:0,(anonymous_3)
FNDA:0,(anonymous_4)
FNDA:2,(anonymous_5)
FNDA:5,(anonymous_6)
FNDA:5,(anonymous_7)
FNDA:1,(anonymous_8)
FNDA:2,(anonymous_9)
DA:14,1
DA:16,7
DA:18,7
DA:23,7
DA:24,7
DA:26,7
DA:28,7
DA:29,7
DA:30,0
DA:31,0
DA:33,7
DA:34,0
DA:36,0
DA:38,0
DA:43,1
DA:45,1
DA:46,5
DA:48,1
DA:51,0
DA:54,0
DA:58,1
DA:62,0
DA:67,1
DA:69,1
DA:70,1
DA:74,1
DA:76,1
DA:79,1
LF:28
LH:20
BRDA:50,0,0,4
BRDA:50,0,1,3
BRDA:53,1,0,4
BRDA:53,1,1,0
BRDA:61,2,0,2
BRDA:61,2,1,1
BRF:6
BRH:5
end_of_record
TN:
SF:/Users/alexandra_kukolca1/Documents/frontcamp/angular/test/src/app/news/news.component.ts
FN:19,NewsComponent
FN:21,(anonymous_2)
FN:31,(anonymous_3)
FN:38,(anonymous_4)
FN:42,(anonymous_5)
FNF:5
FNH:5
FNDA:6,NewsComponent
FNDA:3,(anonymous_2)
FNDA:4,(anonymous_3)
FNDA:1,(anonymous_4)
FNDA:1,(anonymous_5)
DA:12,1
DA:13,1
DA:14,1
DA:15,1
DA:19,6
DA:21,1
DA:24,1
DA:26,2
DA:28,3
DA:31,1
DA:33,0
DA:35,4
DA:38,1
DA:39,1
DA:42,1
DA:43,1
DA:45,1
LF:17
LH:16
BRDA:28,0,0,3
BRDA:28,0,1,1
BRF:2
BRH:2
end_of_record
TN:
SF:/Users/alexandra_kukolca1/Documents/frontcamp/angular/test/src/app/news-details/news-details.component.ts
FN:17,NewsDetailsComponent
FN:22,(anonymous_2)
FN:24,(anonymous_3)
FNF:3
FNH:2
FNDA:1,NewsDetailsComponent
FNDA:1,(anonymous_2)
FNDA:0,(anonymous_3)
DA:12,1
DA:18,1
DA:19,1
DA:22,1
DA:23,1
DA:24,1
DA:25,0
DA:28,1
DA:31,1
LF:9
LH:8
BRF:0
BRH:0
end_of_record
TN:
SF:/Users/alexandra_kukolca1/Documents/frontcamp/angular/test/src/app/news-list/news-list.component.ts
FN:18,NewsListComponent
FN:20,(anonymous_2)
FN:22,(anonymous_3)
FNF:3
FNH:2
FNDA:1,NewsListComponent
FNDA:1,(anonymous_2)
FNDA:0,(anonymous_3)
DA:11,1
DA:12,1
DA:13,1
DA:14,1
DA:15,1
DA:17,1
DA:18,1
DA:20,1
DA:22,1
DA:23,0
DA:25,1
LF:11
LH:10
BRF:0
BRH:0
end_of_record
