TN:
SF:D:\js\frontcamp\angular\newsPortal2\src\polyfills.ts
FNF:0
FNH:0
LF:0
LH:0
BRF:0
BRH:0
end_of_record
TN:
SF:D:\js\frontcamp\angular\newsPortal2\src\settings.js
FNF:0
FNH:0
DA:1,1
DA:2,1
DA:4,1
DA:6,1
LF:4
LH:4
BRF:0
BRH:0
end_of_record
TN:
SF:D:\js\frontcamp\angular\newsPortal2\src\test.ts
FNF:0
FNH:0
DA:13,1
DA:18,1
DA:20,1
LF:3
LH:3
BRF:0
BRH:0
end_of_record
TN:
SF:D:\js\frontcamp\angular\newsPortal2\src\app\api.service.ts
FN:12,ApiService
FN:14,(anonymous_2)
FN:17,(anonymous_3)
FN:23,(anonymous_4)
FN:26,(anonymous_5)
FN:32,(anonymous_6)
FN:35,(anonymous_7)
FN:41,(anonymous_8)
FN:44,(anonymous_9)
FN:50,(anonymous_10)
FN:53,(anonymous_11)
FN:59,(anonymous_12)
FN:63,(anonymous_13)
FN:67,(anonymous_14)
FN:71,(anonymous_15)
FNF:15
FNH:10
FNDA:57,ApiService
FNDA:4,(anonymous_2)
FNDA:0,(anonymous_3)
FNDA:3,(anonymous_4)
FNDA:0,(anonymous_5)
FNDA:4,(anonymous_6)
FNDA:0,(anonymous_7)
FNDA:1,(anonymous_8)
FNDA:0,(anonymous_9)
FNDA:1,(anonymous_10)
FNDA:0,(anonymous_11)
FNDA:1,(anonymous_12)
FNDA:1,(anonymous_13)
FNDA:1,(anonymous_14)
FNDA:1,(anonymous_15)
DA:10,1
DA:12,57
DA:14,1
DA:15,4
DA:18,0
DA:23,1
DA:24,3
DA:27,0
DA:32,1
DA:33,4
DA:36,0
DA:41,1
DA:42,1
DA:45,0
DA:50,1
DA:51,1
DA:54,0
DA:59,1
DA:60,1
DA:63,1
DA:64,1
DA:67,1
DA:68,1
DA:71,1
DA:77,1
DA:79,1
LF:26
LH:21
BRF:0
BRH:0
end_of_record
TN:
SF:D:\js\frontcamp\angular\newsPortal2\src\app\app.component.ts
FN:11,AppComponent
FN:13,(anonymous_2)
FNF:2
FNH:0
FNDA:0,AppComponent
FNDA:0,(anonymous_2)
DA:9,1
DA:11,0
DA:13,1
DA:17,1
LF:4
LH:3
BRF:0
BRH:0
end_of_record
TN:
SF:D:\js\frontcamp\angular\newsPortal2\src\app\const.ts
FNF:0
FNH:0
DA:1,1
DA:2,1
LF:2
LH:2
BRF:0
BRH:0
end_of_record
TN:
SF:D:\js\frontcamp\angular\newsPortal2\src\app\keywords-filter.pipe.ts
FN:6,KeywordsFilterPipe
FN:8,(anonymous_2)
FNF:2
FNH:1
FNDA:1,KeywordsFilterPipe
FNDA:0,(anonymous_2)
DA:6,1
DA:8,1
DA:10,0
DA:11,0
DA:14,1
LF:5
LH:3
BRF:0
BRH:0
end_of_record
TN:
SF:D:\js\frontcamp\angular\newsPortal2\src\app\mock-news-sources.ts
FNF:0
FNH:0
LF:0
LH:0
BRF:0
BRH:0
end_of_record
TN:
SF:D:\js\frontcamp\angular\newsPortal2\src\app\mock-news.ts
FNF:0
FNH:0
LF:0
LH:0
BRF:0
BRH:0
end_of_record
TN:
SF:D:\js\frontcamp\angular\newsPortal2\src\app\news-service-mock.ts
FN:13,NewsServiceMock
FN:27,(anonymous_2)
FN:39,(anonymous_3)
FN:59,(anonymous_4)
FN:74,(anonymous_5)
FN:93,(anonymous_6)
FN:96,(anonymous_7)
FN:103,(anonymous_8)
FN:124,(anonymous_9)
FN:132,(anonymous_10)
FN:140,(anonymous_11)
FN:149,(anonymous_12)
FNF:12
FNH:5
FNDA:31,NewsServiceMock
FNDA:7,(anonymous_2)
FNDA:0,(anonymous_3)
FNDA:2,(anonymous_4)
FNDA:4,(anonymous_5)
FNDA:0,(anonymous_6)
FNDA:0,(anonymous_7)
FNDA:0,(anonymous_8)
FNDA:0,(anonymous_9)
FNDA:1,(anonymous_10)
FNDA:0,(anonymous_11)
FNDA:0,(anonymous_12)
DA:11,1
DA:13,31
DA:15,31
DA:16,31
DA:17,31
DA:18,31
DA:21,31
DA:22,31
DA:23,31
DA:27,1
DA:28,7
DA:29,7
DA:39,1
DA:40,0
DA:41,0
DA:42,0
DA:43,0
DA:44,0
DA:45,0
DA:59,1
DA:60,2
DA:61,2
DA:62,2
DA:63,2
DA:74,1
DA:76,2
DA:77,2
DA:78,2
DA:81,0
DA:82,0
DA:83,0
DA:85,2
DA:86,2
DA:87,2
DA:89,2
DA:93,1
DA:94,0
DA:95,0
DA:97,0
DA:98,0
DA:103,1
DA:105,0
DA:106,0
DA:108,0
DA:109,0
DA:124,1
DA:132,1
DA:140,1
DA:149,1
DA:158,1
LF:50
LH:33
BRF:0
BRH:0
end_of_record
TN:
SF:D:\js\frontcamp\angular\newsPortal2\src\app\news.service.ts
FN:12,NewsService
FN:26,(anonymous_2)
FN:28,(anonymous_3)
FN:32,(anonymous_4)
FN:36,(anonymous_5)
FN:40,(anonymous_6)
FN:46,(anonymous_7)
FN:50,(anonymous_8)
FN:52,(anonymous_9)
FN:61,(anonymous_10)
FN:80,(anonymous_11)
FN:83,(anonymous_12)
FN:90,(anonymous_13)
FN:93,(anonymous_14)
FN:104,(anonymous_15)
FN:106,(anonymous_16)
FN:112,(anonymous_17)
FN:114,(anonymous_18)
FN:120,(anonymous_19)
FN:122,(anonymous_20)
FN:129,(anonymous_21)
FN:131,(anonymous_22)
FNF:22
FNH:4
FNDA:9,NewsService
FNDA:1,(anonymous_2)
FNDA:1,(anonymous_3)
FNDA:0,(anonymous_4)
FNDA:0,(anonymous_5)
FNDA:0,(anonymous_6)
FNDA:0,(anonymous_7)
FNDA:0,(anonymous_8)
FNDA:0,(anonymous_9)
FNDA:0,(anonymous_10)
FNDA:0,(anonymous_11)
FNDA:0,(anonymous_12)
FNDA:1,(anonymous_13)
FNDA:0,(anonymous_14)
FNDA:0,(anonymous_15)
FNDA:0,(anonymous_16)
FNDA:0,(anonymous_17)
FNDA:0,(anonymous_18)
FNDA:0,(anonymous_19)
FNDA:0,(anonymous_20)
FNDA:0,(anonymous_21)
FNDA:0,(anonymous_22)
DA:10,1
DA:12,9
DA:14,9
DA:15,9
DA:16,9
DA:17,9
DA:20,9
DA:21,9
DA:22,9
DA:26,1
DA:27,1
DA:29,1
DA:30,1
DA:32,0
DA:36,1
DA:37,0
DA:38,0
DA:39,0
DA:41,0
DA:42,0
DA:43,0
DA:44,0
DA:46,0
DA:50,1
DA:51,0
DA:53,0
DA:54,0
DA:55,0
DA:56,0
DA:61,1
DA:63,0
DA:64,0
DA:65,0
DA:68,0
DA:69,0
DA:70,0
DA:72,0
DA:73,0
DA:74,0
DA:76,0
DA:80,1
DA:81,0
DA:82,0
DA:84,0
DA:85,0
DA:90,1
DA:92,0
DA:94,0
DA:95,0
DA:99,1
DA:100,1
DA:104,1
DA:105,0
DA:107,0
DA:112,1
DA:113,0
DA:115,0
DA:120,1
DA:121,0
DA:123,0
DA:124,0
DA:129,1
DA:130,0
DA:132,0
DA:133,0
DA:138,1
LF:66
LH:25
BRF:0
BRH:0
end_of_record
TN:
SF:D:\js\frontcamp\angular\newsPortal2\src\app\control-panel\control-panel.component.ts
FN:15,ControlPanelComponent
FN:26,(anonymous_2)
FN:29,(anonymous_3)
FN:34,(anonymous_4)
FN:40,(anonymous_5)
FN:42,(anonymous_6)
FN:51,(anonymous_7)
FNF:7
FNH:5
FNDA:8,ControlPanelComponent
FNDA:6,(anonymous_2)
FNDA:0,(anonymous_3)
FNDA:0,(anonymous_4)
FNDA:1,(anonymous_5)
FNDA:1,(anonymous_6)
FNDA:4,(anonymous_7)
DA:11,1
DA:12,8
DA:13,8
DA:15,8
DA:17,8
DA:18,8
DA:19,8
DA:20,8
DA:21,8
DA:22,8
DA:23,8
DA:24,8
DA:26,6
DA:27,6
DA:28,6
DA:29,6
DA:30,0
DA:34,1
DA:35,0
DA:36,0
DA:37,0
DA:40,1
DA:41,1
DA:42,1
DA:44,0
DA:46,1
DA:48,1
DA:51,1
DA:52,4
DA:54,2
DA:55,2
DA:57,2
DA:60,1
LF:33
LH:28
BRF:0
BRH:0
end_of_record
TN:
SF:D:\js\frontcamp\angular\newsPortal2\src\app\edit-form\edit-form.component.ts
FN:14,EditFormComponent
FN:28,(anonymous_2)
FN:36,(anonymous_3)
FN:48,(anonymous_4)
FN:64,(anonymous_5)
FN:68,(anonymous_6)
FNF:6
FNH:4
FNDA:17,EditFormComponent
FNDA:6,(anonymous_2)
FNDA:0,(anonymous_3)
FNDA:1,(anonymous_4)
FNDA:0,(anonymous_5)
FNDA:1,(anonymous_6)
DA:11,1
DA:12,1
DA:14,17
DA:17,17
DA:18,17
DA:28,6
DA:30,1
DA:31,1
DA:32,1
DA:33,1
DA:34,1
DA:36,1
DA:37,0
DA:38,0
DA:39,0
DA:40,0
DA:43,5
DA:44,5
DA:48,1
DA:56,0
DA:57,0
DA:58,0
DA:60,1
DA:64,1
DA:65,0
DA:68,1
DA:69,1
DA:70,1
DA:73,1
LF:29
LH:21
BRDA:31,0,0,1
BRDA:31,0,1,0
BRDA:32,1,0,1
BRDA:32,1,1,0
BRDA:33,2,0,0
BRDA:33,2,1,1
BRDA:33,3,0,1
BRDA:33,3,1,0
BRDA:34,4,0,1
BRDA:34,4,1,0
BRDA:39,5,0,0
BRDA:39,5,1,0
BRF:12
BRH:5
end_of_record
TN:
SF:D:\js\frontcamp\angular\newsPortal2\src\app\edit-news\edit-news.component.ts
FN:14,EditNewsComponent
FN:16,(anonymous_2)
FNF:2
FNH:1
FNDA:3,EditNewsComponent
FNDA:0,(anonymous_2)
DA:9,1
DA:12,3
DA:14,3
DA:16,1
DA:17,0
DA:19,0
DA:23,1
LF:7
LH:5
BRF:0
BRH:0
end_of_record
TN:
SF:D:\js\frontcamp\angular\newsPortal2\src\app\full-news\full-news.component.ts
FN:21,FullNewsComponent
FN:23,(anonymous_2)
FN:26,(anonymous_3)
FN:38,(anonymous_4)
FN:45,(anonymous_5)
FNF:5
FNH:4
FNDA:1,FullNewsComponent
FNDA:1,(anonymous_2)
FNDA:1,(anonymous_3)
FNDA:2,(anonymous_4)
FNDA:0,(anonymous_5)
DA:11,1
DA:12,1
DA:13,1
DA:14,1
DA:21,1
DA:23,1
DA:24,1
DA:26,1
DA:27,1
DA:28,1
DA:29,1
DA:30,1
DA:31,1
DA:32,1
DA:35,1
DA:38,1
DA:40,0
DA:42,2
DA:45,1
DA:46,0
DA:48,1
LF:21
LH:19
BRDA:28,0,0,1
BRDA:28,0,1,0
BRDA:29,1,0,1
BRDA:29,1,1,0
BRDA:29,1,2,0
BRDA:29,1,3,0
BRDA:30,2,0,1
BRDA:30,2,1,0
BRDA:31,3,0,1
BRDA:31,3,1,0
BRDA:31,3,2,0
BRDA:32,4,0,1
BRDA:32,4,1,0
BRF:13
BRH:5
end_of_record
TN:
SF:D:\js\frontcamp\angular\newsPortal2\src\app\header\header.component.ts
FN:13,HeaderComponent
FN:15,(anonymous_2)
FN:16,(anonymous_3)
FN:21,(anonymous_4)
FNF:4
FNH:2
FNDA:3,HeaderComponent
FNDA:3,(anonymous_2)
FNDA:0,(anonymous_3)
FNDA:0,(anonymous_4)
DA:9,1
DA:11,3
DA:13,3
DA:15,3
DA:16,3
DA:17,0
DA:21,1
DA:22,0
DA:25,1
LF:9
LH:7
BRF:0
BRH:0
end_of_record
TN:
SF:D:\js\frontcamp\angular\newsPortal2\src\app\main\main.component.ts
FN:26,MainComponent
FN:28,(anonymous_2)
FN:29,(anonymous_3)
FN:33,(anonymous_4)
FN:43,(anonymous_5)
FN:45,(anonymous_6)
FN:46,(anonymous_7)
FN:67,(anonymous_8)
FN:74,(anonymous_9)
FNF:9
FNH:2
FNDA:2,MainComponent
FNDA:2,(anonymous_2)
FNDA:0,(anonymous_3)
FNDA:0,(anonymous_4)
FNDA:0,(anonymous_5)
FNDA:0,(anonymous_6)
FNDA:0,(anonymous_7)
FNDA:0,(anonymous_8)
FNDA:0,(anonymous_9)
DA:14,1
DA:16,2
DA:18,2
DA:23,2
DA:24,2
DA:26,2
DA:28,2
DA:29,2
DA:30,0
DA:31,0
DA:33,2
DA:34,0
DA:36,0
DA:38,0
DA:43,1
DA:45,0
DA:46,0
DA:48,0
DA:51,0
DA:54,0
DA:58,0
DA:62,0
DA:67,1
DA:69,0
DA:70,0
DA:74,1
DA:76,0
DA:79,1
LF:28
LH:13
BRDA:50,0,0,0
BRDA:50,0,1,0
BRDA:53,1,0,0
BRDA:53,1,1,0
BRF:4
BRH:0
end_of_record
TN:
SF:D:\js\frontcamp\angular\newsPortal2\src\app\mock\mock-router.ts
FN:5,(anonymous_0)
FN:20,(anonymous_2)
FNF:2
FNH:1
FNDA:4,(anonymous_0)
FNDA:0,(anonymous_2)
DA:5,1
DA:20,1
DA:21,0
DA:23,1
LF:4
LH:3
BRF:0
BRH:0
end_of_record
TN:
SF:D:\js\frontcamp\angular\newsPortal2\src\app\news\news.component.ts
FN:19,NewsComponent
FN:21,(anonymous_2)
FN:31,(anonymous_3)
FN:38,(anonymous_4)
FN:42,(anonymous_5)
FNF:5
FNH:3
FNDA:3,NewsComponent
FNDA:2,(anonymous_2)
FNDA:4,(anonymous_3)
FNDA:0,(anonymous_4)
FNDA:0,(anonymous_5)
DA:12,1
DA:13,1
DA:14,1
DA:15,1
DA:19,3
DA:21,1
DA:24,0
DA:26,2
DA:28,2
DA:31,1
DA:33,0
DA:35,4
DA:38,1
DA:39,0
DA:42,1
DA:43,0
DA:45,1
LF:17
LH:13
BRDA:28,0,0,2
BRDA:28,0,1,0
BRF:2
BRH:1
end_of_record
TN:
SF:D:\js\frontcamp\angular\newsPortal2\src\app\news-details\news-details.component.ts
FN:17,NewsDetailsComponent
FN:22,(anonymous_2)
FN:24,(anonymous_3)
FNF:3
FNH:1
FNDA:3,NewsDetailsComponent
FNDA:0,(anonymous_2)
FNDA:0,(anonymous_3)
DA:12,1
DA:18,3
DA:19,3
DA:22,1
DA:23,0
DA:24,0
DA:25,0
DA:28,0
DA:31,1
LF:9
LH:5
BRF:0
BRH:0
end_of_record
TN:
SF:D:\js\frontcamp\angular\newsPortal2\src\app\news-list\news-list.component.ts
FN:18,NewsListComponent
FN:20,(anonymous_2)
FN:22,(anonymous_3)
FNF:3
FNH:2
FNDA:1,NewsListComponent
FNDA:1,(anonymous_2)
FNDA:0,(anonymous_3)
DA:11,1
DA:12,1
DA:13,1
DA:14,1
DA:15,1
DA:17,1
DA:18,1
DA:20,1
DA:22,1
DA:23,0
DA:25,1
LF:11
LH:10
BRF:0
BRH:0
end_of_record
